Copyright 1986-2020 Xilinx, Inc. All Rights Reserved.
---------------------------------------------------------------------------------------------
| Tool Version : Vivado v.2020.2 (win64) Build 3064766 Wed Nov 18 09:12:45 MST 2020
| Date         : Tue Mar  9 13:16:28 2021
| Host         : DESKTOP-MHB0GHL running 64-bit major release  (build 9200)
| Command      : report_control_sets -verbose -file design_1_wrapper_control_sets_placed.rpt
| Design       : design_1_wrapper
| Device       : xc7z007s
---------------------------------------------------------------------------------------------

Control Set Information

Table of Contents
-----------------
1. Summary
2. Histogram
3. Flip-Flop Distribution
4. Detailed Control Set Information

1. Summary
----------

+----------------------------------------------------------+-------+
|                          Status                          | Count |
+----------------------------------------------------------+-------+
| Total control sets                                       |    96 |
|    Minimum number of control sets                        |    96 |
|    Addition due to synthesis replication                 |     0 |
|    Addition due to physical synthesis replication        |     0 |
| Unused register locations in slices containing registers |   203 |
+----------------------------------------------------------+-------+
* Control sets can be merged at opt_design using control_set_merge or merge_equivalent_drivers
** Run report_qor_suggestions for automated merging and remapping suggestions


2. Histogram
------------

+--------------------+-------+
|       Fanout       | Count |
+--------------------+-------+
| Total control sets |    96 |
| >= 0 to < 4        |     5 |
| >= 4 to < 6        |    16 |
| >= 6 to < 8        |     2 |
| >= 8 to < 10       |    17 |
| >= 10 to < 12      |     3 |
| >= 12 to < 14      |     2 |
| >= 14 to < 16      |     4 |
| >= 16              |    47 |
+--------------------+-------+
* Control sets can be remapped at either synth_design or opt_design


3. Flip-Flop Distribution
-------------------------

+--------------+-----------------------+------------------------+-----------------+--------------+
| Clock Enable | Synchronous Set/Reset | Asynchronous Set/Reset | Total Registers | Total Slices |
+--------------+-----------------------+------------------------+-----------------+--------------+
| No           | No                    | No                     |            1576 |          342 |
| No           | No                    | Yes                    |               2 |            1 |
| No           | Yes                   | No                     |             272 |           94 |
| Yes          | No                    | No                     |             841 |          192 |
| Yes          | No                    | Yes                    |               0 |            0 |
| Yes          | Yes                   | No                     |            1330 |          347 |
+--------------+-----------------------+------------------------+-----------------+--------------+


4. Detailed Control Set Information
-----------------------------------

+-----------------------------------------------------+-------------------------------------------------------------------------------------------------------------------------------------------------------------------------+---------------------------------------------------------------------------------------------------------------------------------------------------------------------------------------------------+------------------+----------------+--------------+
|                     Clock Signal                    |                                                                              Enable Signal                                                                              |                                                                                          Set/Reset Signal                                                                                         | Slice Load Count | Bel Load Count | Bels / Slice |
+-----------------------------------------------------+-------------------------------------------------------------------------------------------------------------------------------------------------------------------------+---------------------------------------------------------------------------------------------------------------------------------------------------------------------------------------------------+------------------+----------------+--------------+
|  design_1_i/processing_system7_0/inst/FCLK_CLK0     | design_1_i/ps7_0_axi_periph/s00_couplers/auto_pc/inst/gen_axilite.gen_b2s_conv.axilite_b2s/WR.aw_channel_0/aw_cmd_fsm_0/FSM_sequential_state_reg[0]_1                   | design_1_i/ps7_0_axi_periph/s00_couplers/auto_pc/inst/gen_axilite.gen_b2s_conv.axilite_b2s/WR.aw_channel_0/aw_cmd_fsm_0/FSM_sequential_state_reg[0]_0                                             |                1 |              1 |         1.00 |
|  design_1_i/vhdl_clockdivider_by_0/U0/clk_out1_BUFG |                                                                                                                                                                         |                                                                                                                                                                                                   |                1 |              1 |         1.00 |
|  design_1_i/processing_system7_0/inst/FCLK_CLK0     | design_1_i/ps7_0_axi_periph/s00_couplers/auto_pc/inst/gen_axilite.gen_b2s_conv.axilite_b2s/WR.b_channel_0/bid_fifo_0/sel                                                |                                                                                                                                                                                                   |                1 |              2 |         2.00 |
|  design_1_i/processing_system7_0/inst/FCLK_CLK0     |                                                                                                                                                                         | design_1_i/rst_ps7_0_50M/U0/peripheral_reset[0]                                                                                                                                                   |                1 |              2 |         2.00 |
|  design_1_i/processing_system7_0/inst/FCLK_CLK1     |                                                                                                                                                                         | design_1_i/i2s_transmitter_0/inst/I2S_TX_V1_0_SYS_INST/AXIS_FIFO_INST/xpm_fifo_async_inst/gnuram_async_fifo.xpm_fifo_base_inst/xpm_fifo_rst_inst/SR[0]                                            |                1 |              2 |         2.00 |
|  design_1_i/processing_system7_0/inst/FCLK_CLK0     |                                                                                                                                                                         | design_1_i/i2s_transmitter_0/inst/I2S_TX_V1_0_SYS_INST/AXIS_FIFO_INST/xpm_fifo_async_inst/gnuram_async_fifo.xpm_fifo_base_inst/xpm_fifo_rst_inst/FSM_onehot_gen_rst_ic.curr_wrst_state[4]_i_1_n_0 |                2 |              4 |         2.00 |
|  design_1_i/processing_system7_0/inst/FCLK_CLK0     |                                                                                                                                                                         | design_1_i/i2s_receiver_0/inst/I2S_RX_V1_0_SYS_INST/iRst13_in                                                                                                                                     |                2 |              4 |         2.00 |
|  design_1_i/processing_system7_0/inst/FCLK_CLK0     | design_1_i/rst_ps7_0_50M/U0/peripheral_aresetn[0]                                                                                                                       | design_1_i/i2s_transmitter_0/inst/I2S_TX_V1_0_SYS_INST/I2S_TX_V1_0_AXI_INST/rClearIrqs                                                                                                            |                2 |              4 |         2.00 |
|  design_1_i/processing_system7_0/inst/FCLK_CLK0     |                                                                                                                                                                         | design_1_i/ps7_0_axi_periph/s00_couplers/auto_pc/inst/gen_axilite.gen_b2s_conv.axilite_b2s/SI_REG/ar.ar_pipe/aresetn_d_reg[1]_inv_0                                                               |                3 |              4 |         1.33 |
|  design_1_i/processing_system7_0/inst/FCLK_CLK1     |                                                                                                                                                                         | design_1_i/i2s_receiver_0/inst/I2S_RX_V1_0_SYS_INST/AXIS_FIFO_INST/xpm_fifo_async_inst/gnuram_async_fifo.xpm_fifo_base_inst/xpm_fifo_rst_inst/FSM_onehot_gen_rst_ic.curr_wrst_state[4]_i_1_n_0    |                1 |              4 |         4.00 |
|  design_1_i/processing_system7_0/inst/FCLK_CLK0     | design_1_i/ps7_0_axi_periph/s00_couplers/auto_pc/inst/gen_axilite.gen_b2s_conv.axilite_b2s/RD.ar_channel_0/ar_cmd_fsm_0/m_axi_arready_2                                 | design_1_i/ps7_0_axi_periph/s00_couplers/auto_pc/inst/gen_axilite.gen_b2s_conv.axilite_b2s/RD.ar_channel_0/ar_cmd_fsm_0/FSM_sequential_state_reg[1]_0                                             |                2 |              4 |         2.00 |
|  design_1_i/processing_system7_0/inst/FCLK_CLK0     |                                                                                                                                                                         | design_1_i/rst_ps7_0_50M/U0/EXT_LPF/lpf_int                                                                                                                                                       |                2 |              4 |         2.00 |
|  design_1_i/processing_system7_0/inst/FCLK_CLK0     | design_1_i/i2s_receiver_0/inst/I2S_RX_V1_0_SYS_INST/I2S_RX_V1_0_AES_ENCODER_INST/rAudioFrameCount_1                                                                     |                                                                                                                                                                                                   |                2 |              4 |         2.00 |
|  design_1_i/processing_system7_0/inst/FCLK_CLK0     | design_1_i/i2s_receiver_0/inst/I2S_RX_V1_0_SYS_INST/I2S_RX_V1_0_AES_ENCODER_INST/rAudioFrameCount_1                                                                     | design_1_i/i2s_receiver_0/inst/I2S_RX_V1_0_SYS_INST/I2S_RX_V1_0_AES_ENCODER_INST/rAudioFrameCount[5]_i_1_n_0                                                                                      |                1 |              4 |         4.00 |
|  design_1_i/processing_system7_0/inst/FCLK_CLK0     |                                                                                                                                                                         | design_1_i/ps7_0_axi_periph/s00_couplers/auto_pc/inst/gen_axilite.gen_b2s_conv.axilite_b2s/SI_REG/aw.aw_pipe/aresetn_d_reg[0]_0                                                                   |                2 |              4 |         2.00 |
|  design_1_i/processing_system7_0/inst/FCLK_CLK0     | design_1_i/i2s_receiver_0/inst/I2S_RX_V1_0_SYS_INST/I2S_RX_V1_0_AXI_INST/FSM_onehot_stmRead[3]_i_1_n_0                                                                  | design_1_i/i2s_receiver_0/inst/I2S_RX_V1_0_SYS_INST/I2S_RX_V1_0_AXI_INST/SR[0]                                                                                                                    |                1 |              4 |         4.00 |
|  design_1_i/processing_system7_0/inst/FCLK_CLK0     | design_1_i/i2s_transmitter_0/inst/I2S_TX_V1_0_SYS_INST/I2S_TX_V1_0_AXI_INST/FSM_onehot_stmRead[3]_i_1_n_0                                                               | design_1_i/i2s_transmitter_0/inst/I2S_TX_V1_0_SYS_INST/I2S_TX_V1_0_AXI_INST/SR[0]                                                                                                                 |                1 |              4 |         4.00 |
|  design_1_i/processing_system7_0/inst/FCLK_CLK0     |                                                                                                                                                                         | design_1_i/i2s_transmitter_0/inst/I2S_TX_V1_0_SYS_INST/I2S_TX_V1_0_AES_DECODE_INST/iRst0                                                                                                          |                2 |              5 |         2.50 |
|  design_1_i/processing_system7_0/inst/FCLK_CLK0     | design_1_i/ps7_0_axi_periph/s00_couplers/auto_pc/inst/gen_axilite.gen_b2s_conv.axilite_b2s/RD.r_channel_0/transaction_fifo_0/cnt_read[4]_i_1_n_0                        | design_1_i/ps7_0_axi_periph/s00_couplers/auto_pc/inst/gen_axilite.gen_b2s_conv.axilite_b2s/areset_d1                                                                                              |                1 |              5 |         5.00 |
|  design_1_i/processing_system7_0/inst/FCLK_CLK0     | design_1_i/i2s_transmitter_0/inst/I2S_TX_V1_0_SYS_INST/I2S_TX_V1_0_AXI_INST/rIrqEnables[31]_i_1_n_0                                                                     | design_1_i/i2s_transmitter_0/inst/I2S_TX_V1_0_SYS_INST/I2S_TX_V1_0_AXI_INST/SR[0]                                                                                                                 |                2 |              5 |         2.50 |
|  design_1_i/processing_system7_0/inst/FCLK_CLK0     | design_1_i/ps7_0_axi_periph/s00_couplers/auto_pc/inst/gen_axilite.gen_b2s_conv.axilite_b2s/RD.r_channel_0/rd_data_fifo_0/cnt_read[4]_i_1__0_n_0                         | design_1_i/ps7_0_axi_periph/s00_couplers/auto_pc/inst/gen_axilite.gen_b2s_conv.axilite_b2s/areset_d1                                                                                              |                2 |              5 |         2.50 |
|  design_1_i/processing_system7_0/inst/FCLK_CLK0     | design_1_i/rst_ps7_0_50M/U0/SEQ/seq_cnt_en                                                                                                                              | design_1_i/rst_ps7_0_50M/U0/SEQ/SEQ_COUNTER/clear                                                                                                                                                 |                1 |              6 |         6.00 |
|  design_1_i/processing_system7_0/inst/FCLK_CLK0     | design_1_i/i2s_transmitter_0/inst/I2S_TX_V1_0_SYS_INST/AXIS_FIFO_INST/s_axis_aud_tvalid_0[0]                                                                            | design_1_i/i2s_transmitter_0/inst/I2S_TX_V1_0_SYS_INST/I2S_TX_V1_0_AES_DECODE_INST/iRst0                                                                                                          |                1 |              6 |         6.00 |
|  design_1_i/processing_system7_0/inst/FCLK_CLK0     |                                                                                                                                                                         | design_1_i/i2s_transmitter_0/inst/I2S_TX_V1_0_SYS_INST/iRst1                                                                                                                                      |                3 |              8 |         2.67 |
|  design_1_i/processing_system7_0/inst/FCLK_CLK0     |                                                                                                                                                                         | design_1_i/i2s_receiver_0/inst/I2S_RX_V1_0_SYS_INST/I2S_RX_V1_0_AES_ENCODER_INST/iRst0                                                                                                            |                3 |              8 |         2.67 |
|  design_1_i/processing_system7_0/inst/FCLK_CLK0     |                                                                                                                                                                         | design_1_i/i2s_transmitter_0/inst/I2S_TX_V1_0_SYS_INST/AXIS_FIFO_INST/xpm_fifo_async_inst/gnuram_async_fifo.xpm_fifo_base_inst/xpm_fifo_rst_inst/wrst_busy                                        |                3 |              8 |         2.67 |
|  design_1_i/processing_system7_0/inst/FCLK_CLK0     | design_1_i/ps7_0_axi_periph/s00_couplers/auto_pc/inst/gen_axilite.gen_b2s_conv.axilite_b2s/RD.ar_channel_0/ar_cmd_fsm_0/E[0]                                            |                                                                                                                                                                                                   |                3 |              8 |         2.67 |
|  design_1_i/processing_system7_0/inst/FCLK_CLK0     | design_1_i/ps7_0_axi_periph/s00_couplers/auto_pc/inst/gen_axilite.gen_b2s_conv.axilite_b2s/WR.b_channel_0/mhandshake_r                                                  | design_1_i/ps7_0_axi_periph/s00_couplers/auto_pc/inst/gen_axilite.gen_b2s_conv.axilite_b2s/WR.b_channel_0/bid_fifo_0/SR[0]                                                                        |                2 |              8 |         4.00 |
|  design_1_i/processing_system7_0/inst/FCLK_CLK1     |                                                                                                                                                                         | design_1_i/i2s_receiver_0/inst/I2S_RX_V1_0_SYS_INST/AXIS_FIFO_INST/xpm_fifo_async_inst/gnuram_async_fifo.xpm_fifo_base_inst/xpm_fifo_rst_inst/wrst_busy                                           |                4 |              8 |         2.00 |
|  design_1_i/processing_system7_0/inst/FCLK_CLK0     | design_1_i/ps7_0_axi_periph/s00_couplers/auto_pc/inst/gen_axilite.gen_b2s_conv.axilite_b2s/RD.ar_channel_0/ar_cmd_fsm_0/sel_first_reg[0]                                |                                                                                                                                                                                                   |                2 |              8 |         4.00 |
|  design_1_i/processing_system7_0/inst/FCLK_CLK0     | design_1_i/i2s_transmitter_0/inst/I2S_TX_V1_0_SYS_INST/I2S_TX_V1_0_AES_DECODE_INST/rAudioFrameCount                                                                     | design_1_i/i2s_transmitter_0/inst/I2S_TX_V1_0_SYS_INST/I2S_TX_V1_0_AES_DECODE_INST/iRst0                                                                                                          |                3 |              8 |         2.67 |
|  design_1_i/processing_system7_0/inst/FCLK_CLK0     | design_1_i/ps7_0_axi_periph/s00_couplers/auto_pc/inst/gen_axilite.gen_b2s_conv.axilite_b2s/WR.aw_channel_0/cmd_translator_0/incr_cmd_0/axaddr_incr[11]_i_1_n_0          |                                                                                                                                                                                                   |                2 |              8 |         4.00 |
|  design_1_i/processing_system7_0/inst/FCLK_CLK0     | design_1_i/i2s_receiver_0/inst/I2S_RX_V1_0_SYS_INST/I2S_RX_V1_0_AXI_INST/rWriteAddr_0                                                                                   | design_1_i/i2s_receiver_0/inst/I2S_RX_V1_0_SYS_INST/I2S_RX_V1_0_AXI_INST/SR[0]                                                                                                                    |                1 |              8 |         8.00 |
|  design_1_i/processing_system7_0/inst/FCLK_CLK0     | design_1_i/i2s_receiver_0/inst/I2S_RX_V1_0_SYS_INST/I2S_RX_V1_0_AXI_INST/rSclkDiv[7]_i_1_n_0                                                                            | design_1_i/i2s_receiver_0/inst/I2S_RX_V1_0_SYS_INST/I2S_RX_V1_0_AXI_INST/SR[0]                                                                                                                    |                2 |              8 |         4.00 |
|  design_1_i/processing_system7_0/inst/FCLK_CLK0     | design_1_i/ps7_0_axi_periph/s00_couplers/auto_pc/inst/gen_axilite.gen_b2s_conv.axilite_b2s/WR.aw_channel_0/aw_cmd_fsm_0/m_valid_i_reg[0]                                |                                                                                                                                                                                                   |                5 |              8 |         1.60 |
|  design_1_i/processing_system7_0/inst/FCLK_CLK0     | design_1_i/i2s_transmitter_0/inst/I2S_TX_V1_0_SYS_INST/I2S_TX_V1_0_AXI_INST/rWriteAddr                                                                                  | design_1_i/i2s_transmitter_0/inst/I2S_TX_V1_0_SYS_INST/I2S_TX_V1_0_AXI_INST/SR[0]                                                                                                                 |                1 |              8 |         8.00 |
|  design_1_i/processing_system7_0/inst/FCLK_CLK0     | design_1_i/i2s_transmitter_0/inst/I2S_TX_V1_0_SYS_INST/I2S_TX_V1_0_AXI_INST/rReadAddr[7]_i_1_n_0                                                                        | design_1_i/i2s_transmitter_0/inst/I2S_TX_V1_0_SYS_INST/I2S_TX_V1_0_AXI_INST/SR[0]                                                                                                                 |                2 |              8 |         4.00 |
|  design_1_i/processing_system7_0/inst/FCLK_CLK0     | design_1_i/i2s_transmitter_0/inst/I2S_TX_V1_0_SYS_INST/I2S_TX_V1_0_AXI_INST/rSclkDiv[7]_i_1_n_0                                                                         | design_1_i/i2s_transmitter_0/inst/I2S_TX_V1_0_SYS_INST/I2S_TX_V1_0_AXI_INST/SR[0]                                                                                                                 |                1 |              8 |         8.00 |
|  design_1_i/processing_system7_0/inst/FCLK_CLK0     | design_1_i/i2s_receiver_0/inst/I2S_RX_V1_0_SYS_INST/I2S_RX_V1_0_AXI_INST/rReadAddr[7]_i_1_n_0                                                                           | design_1_i/i2s_receiver_0/inst/I2S_RX_V1_0_SYS_INST/I2S_RX_V1_0_AXI_INST/SR[0]                                                                                                                    |                1 |              8 |         8.00 |
|  design_1_i/processing_system7_0/inst/FCLK_CLK1     |                                                                                                                                                                         | design_1_i/i2s_transmitter_0/inst/I2S_TX_V1_0_SYS_INST/genblk4[0].I2S_TX_V1_0_SER_INST/iMRst0                                                                                                     |                3 |              9 |         3.00 |
|  design_1_i/processing_system7_0/inst/FCLK_CLK0     |                                                                                                                                                                         | design_1_i/ps7_0_axi_periph/s00_couplers/auto_pc/inst/gen_axilite.gen_b2s_conv.axilite_b2s/areset_d1                                                                                              |                4 |             10 |         2.50 |
|  design_1_i/processing_system7_0/inst/FCLK_CLK1     |                                                                                                                                                                         | design_1_i/i2s_receiver_0/inst/I2S_RX_V1_0_SYS_INST/genblk3[0].I2S_RX_V1_0_SER_INST/iMRst0                                                                                                        |                2 |             10 |         5.00 |
|  design_1_i/processing_system7_0/inst/FCLK_CLK0     |                                                                                                                                                                         | design_1_i/ps7_0_axi_periph/xbar/inst/gen_sasd.crossbar_sasd_0/addr_arbiter_inst/SR[0]                                                                                                            |                2 |             11 |         5.50 |
|  design_1_i/processing_system7_0/inst/FCLK_CLK0     |                                                                                                                                                                         | design_1_i/i2s_receiver_0/inst/I2S_RX_V1_0_SYS_INST/AXIS_FIFO_INST/xpm_fifo_async_inst/gnuram_async_fifo.xpm_fifo_base_inst/xpm_fifo_rst_inst/gen_rst_ic.fifo_rd_rst_ic_reg_0                     |                5 |             12 |         2.40 |
|  design_1_i/processing_system7_0/inst/FCLK_CLK0     | design_1_i/ps7_0_axi_periph/s00_couplers/auto_pc/inst/gen_axilite.gen_b2s_conv.axilite_b2s/RD.r_channel_0/r_push_r                                                      |                                                                                                                                                                                                   |                4 |             13 |         3.25 |
|  design_1_i/processing_system7_0/inst/FCLK_CLK0     | design_1_i/ps7_0_axi_periph/s00_couplers/auto_pc/inst/gen_axilite.gen_b2s_conv.axilite_b2s/SI_REG/b.b_pipe/s_ready_i_reg_0                                              |                                                                                                                                                                                                   |                3 |             14 |         4.67 |
|  design_1_i/processing_system7_0/inst/FCLK_CLK0     | design_1_i/i2s_receiver_0/inst/I2S_RX_V1_0_SYS_INST/AXIS_FIFO_INST/xpm_fifo_async_inst/gnuram_async_fifo.xpm_fifo_base_inst/rdp_inst/E[0]                               | design_1_i/i2s_receiver_0/inst/I2S_RX_V1_0_SYS_INST/AXIS_FIFO_INST/xpm_fifo_async_inst/gnuram_async_fifo.xpm_fifo_base_inst/xpm_fifo_rst_inst/gen_rst_ic.fifo_rd_rst_ic_reg_0                     |                4 |             14 |         3.50 |
|  design_1_i/processing_system7_0/inst/FCLK_CLK0     | design_1_i/ps7_0_axi_periph/s00_couplers/auto_pc/inst/gen_axilite.gen_b2s_conv.axilite_b2s/SI_REG/b.b_pipe/p_1_in                                                       |                                                                                                                                                                                                   |                3 |             14 |         4.67 |
|  design_1_i/processing_system7_0/inst/FCLK_CLK1     | design_1_i/i2s_transmitter_0/inst/I2S_TX_V1_0_SYS_INST/AXIS_FIFO_INST/xpm_fifo_async_inst/gnuram_async_fifo.xpm_fifo_base_inst/rdp_inst/E[0]                            | design_1_i/i2s_transmitter_0/inst/I2S_TX_V1_0_SYS_INST/AXIS_FIFO_INST/xpm_fifo_async_inst/gnuram_async_fifo.xpm_fifo_base_inst/xpm_fifo_rst_inst/gen_rst_ic.fifo_rd_rst_ic_reg_0                  |                7 |             15 |         2.14 |
|  design_1_i/processing_system7_0/inst/FCLK_CLK0     | design_1_i/ps7_0_axi_periph/s00_couplers/auto_pc/inst/gen_axilite.gen_b2s_conv.axilite_b2s/WR.aw_channel_0/aw_cmd_fsm_0/m_axi_awready_0                                 |                                                                                                                                                                                                   |                3 |             16 |         5.33 |
|  design_1_i/processing_system7_0/inst/FCLK_CLK0     | design_1_i/ps7_0_axi_periph/s00_couplers/auto_pc/inst/gen_axilite.gen_b2s_conv.axilite_b2s/RD.ar_channel_0/ar_cmd_fsm_0/m_axi_arready_2                                 |                                                                                                                                                                                                   |                7 |             17 |         2.43 |
|  design_1_i/processing_system7_0/inst/FCLK_CLK1     |                                                                                                                                                                         | design_1_i/i2s_transmitter_0/inst/I2S_TX_V1_0_SYS_INST/AXIS_FIFO_INST/xpm_fifo_async_inst/gnuram_async_fifo.xpm_fifo_base_inst/xpm_fifo_rst_inst/gen_rst_ic.fifo_rd_rst_ic_reg_0                  |                8 |             20 |         2.50 |
|  design_1_i/processing_system7_0/inst/FCLK_CLK0     | design_1_i/ps7_0_axi_periph/s00_couplers/auto_pc/inst/gen_axilite.gen_b2s_conv.axilite_b2s/WR.aw_channel_0/aw_cmd_fsm_0/FSM_sequential_state_reg[0]_1                   |                                                                                                                                                                                                   |                7 |             20 |         2.86 |
|  design_1_i/processing_system7_0/inst/FCLK_CLK1     | design_1_i/i2s_receiver_0/inst/I2S_RX_V1_0_SYS_INST/AXIS_FIFO_INST/xpm_fifo_async_inst/gnuram_async_fifo.xpm_fifo_base_inst/xpm_fifo_rst_inst/wr_pntr_plus1_pf_carry    | design_1_i/i2s_receiver_0/inst/I2S_RX_V1_0_SYS_INST/AXIS_FIFO_INST/xpm_fifo_async_inst/gnuram_async_fifo.xpm_fifo_base_inst/xpm_fifo_rst_inst/wrst_busy                                           |                6 |             21 |         3.50 |
|  design_1_i/processing_system7_0/inst/FCLK_CLK0     | design_1_i/i2s_transmitter_0/inst/I2S_TX_V1_0_SYS_INST/AXIS_FIFO_INST/xpm_fifo_async_inst/gnuram_async_fifo.xpm_fifo_base_inst/xpm_fifo_rst_inst/wr_pntr_plus1_pf_carry | design_1_i/i2s_transmitter_0/inst/I2S_TX_V1_0_SYS_INST/AXIS_FIFO_INST/xpm_fifo_async_inst/gnuram_async_fifo.xpm_fifo_base_inst/xpm_fifo_rst_inst/wrst_busy                                        |                6 |             22 |         3.67 |
|  design_1_i/processing_system7_0/inst/FCLK_CLK1     | design_1_i/i2s_transmitter_0/inst/I2S_TX_V1_0_SYS_INST/AXIS_FIFO_INST/E[0]                                                                                              |                                                                                                                                                                                                   |               10 |             24 |         2.40 |
|  design_1_i/processing_system7_0/inst/FCLK_CLK1     | design_1_i/i2s_receiver_0/inst/I2S_RX_V1_0_SYS_INST/AXIS_FIFO_INST/E[0]                                                                                                 | design_1_i/i2s_receiver_0/inst/I2S_RX_V1_0_SYS_INST/genblk3[0].I2S_RX_V1_0_SER_INST/iMRst0                                                                                                        |                7 |             24 |         3.43 |
|  design_1_i/processing_system7_0/inst/FCLK_CLK1     | design_1_i/i2s_transmitter_0/inst/I2S_TX_V1_0_SYS_INST/AXIS_FIFO_INST/mclk_rChMuxSelect_reg[1][3][0]                                                                    |                                                                                                                                                                                                   |               12 |             24 |         2.00 |
|  design_1_i/processing_system7_0/inst/FCLK_CLK1     | design_1_i/i2s_receiver_0/inst/I2S_RX_V1_0_SYS_INST/genblk3[0].I2S_RX_V1_0_SER_INST/syncstages_ff_reg[1][1]                                                             | design_1_i/i2s_receiver_0/inst/I2S_RX_V1_0_SYS_INST/genblk3[0].mclk_rAudData[0][47]_i_1_n_0                                                                                                       |                7 |             24 |         3.43 |
|  design_1_i/processing_system7_0/inst/FCLK_CLK1     | design_1_i/i2s_receiver_0/inst/I2S_RX_V1_0_SYS_INST/genblk3[0].I2S_RX_V1_0_SER_INST/rAudData[47]                                                                        |                                                                                                                                                                                                   |                6 |             24 |         4.00 |
|  design_1_i/processing_system7_0/inst/FCLK_CLK1     | design_1_i/i2s_receiver_0/inst/I2S_RX_V1_0_SYS_INST/genblk3[0].I2S_RX_V1_0_SER_INST/rAudData[23]                                                                        |                                                                                                                                                                                                   |                6 |             24 |         4.00 |
|  design_1_i/processing_system7_0/inst/FCLK_CLK1     | design_1_i/i2s_receiver_0/inst/I2S_RX_V1_0_SYS_INST/genblk3[0].I2S_RX_V1_0_SER_INST/syncstages_ff_reg[1][1]                                                             |                                                                                                                                                                                                   |                5 |             24 |         4.80 |
|  design_1_i/processing_system7_0/inst/FCLK_CLK1     | design_1_i/i2s_receiver_0/inst/I2S_RX_V1_0_SYS_INST/genblk3[0].I2S_RX_V1_0_SER_INST/mclk_nAudValid_0                                                                    | design_1_i/i2s_receiver_0/inst/I2S_RX_V1_0_SYS_INST/genblk3[0].I2S_RX_V1_0_SER_INST/iMRst0                                                                                                        |                6 |             24 |         4.00 |
|  design_1_i/processing_system7_0/inst/FCLK_CLK0     | design_1_i/ps7_0_axi_periph/xbar/inst/gen_sasd.crossbar_sasd_0/addr_arbiter_inst/p_0_in1_in                                                                             | design_1_i/ps7_0_axi_periph/xbar/inst/gen_sasd.crossbar_sasd_0/addr_arbiter_inst/SR[0]                                                                                                            |                8 |             24 |         3.00 |
|  design_1_i/processing_system7_0/inst/FCLK_CLK1     | design_1_i/i2s_transmitter_0/inst/I2S_TX_V1_0_SYS_INST/genblk4[0].I2S_TX_V1_0_SER_INST/mclk_nAudCapt_0                                                                  | design_1_i/i2s_transmitter_0/inst/I2S_TX_V1_0_SYS_INST/genblk4[0].I2S_TX_V1_0_SER_INST/iMRst0                                                                                                     |                6 |             24 |         4.00 |
|  design_1_i/processing_system7_0/inst/FCLK_CLK0     | design_1_i/i2s_receiver_0/inst/I2S_RX_V1_0_SYS_INST/I2S_RX_V1_0_AES_ENCODER_INST/rAudData_In_0                                                                          |                                                                                                                                                                                                   |                7 |             27 |         3.86 |
|  design_1_i/processing_system7_0/inst/FCLK_CLK0     | design_1_i/i2s_receiver_0/inst/I2S_RX_V1_0_SYS_INST/I2S_RX_V1_0_AXI_INST/rAesChannelStatus[159]_i_1_n_0                                                                 | design_1_i/i2s_receiver_0/inst/I2S_RX_V1_0_SYS_INST/I2S_RX_V1_0_AXI_INST/SR[0]                                                                                                                    |                9 |             32 |         3.56 |
|  design_1_i/processing_system7_0/inst/FCLK_CLK0     | design_1_i/i2s_receiver_0/inst/I2S_RX_V1_0_SYS_INST/I2S_RX_V1_0_AXI_INST/rAesChannelStatus[191]_i_1_n_0                                                                 | design_1_i/i2s_receiver_0/inst/I2S_RX_V1_0_SYS_INST/I2S_RX_V1_0_AXI_INST/SR[0]                                                                                                                    |                9 |             32 |         3.56 |
|  design_1_i/processing_system7_0/inst/FCLK_CLK0     | design_1_i/i2s_receiver_0/inst/I2S_RX_V1_0_SYS_INST/I2S_RX_V1_0_AXI_INST/rAesChannelStatus[63]_i_1_n_0                                                                  | design_1_i/i2s_receiver_0/inst/I2S_RX_V1_0_SYS_INST/I2S_RX_V1_0_AXI_INST/SR[0]                                                                                                                    |                6 |             32 |         5.33 |
|  design_1_i/processing_system7_0/inst/FCLK_CLK0     | design_1_i/i2s_receiver_0/inst/I2S_RX_V1_0_SYS_INST/I2S_RX_V1_0_AXI_INST/rAesChannelStatus[95]_i_1_n_0                                                                  | design_1_i/i2s_receiver_0/inst/I2S_RX_V1_0_SYS_INST/I2S_RX_V1_0_AXI_INST/SR[0]                                                                                                                    |                9 |             32 |         3.56 |
|  design_1_i/processing_system7_0/inst/FCLK_CLK0     | design_1_i/i2s_receiver_0/inst/I2S_RX_V1_0_SYS_INST/I2S_RX_V1_0_AXI_INST/rAesChannelStatus[31]_i_1_n_0                                                                  | design_1_i/i2s_receiver_0/inst/I2S_RX_V1_0_SYS_INST/I2S_RX_V1_0_AXI_INST/SR[0]                                                                                                                    |                9 |             32 |         3.56 |
|  design_1_i/processing_system7_0/inst/FCLK_CLK1     |                                                                                                                                                                         | design_1_i/vhdl_clockdivider_by_0/U0/clear                                                                                                                                                        |                8 |             32 |         4.00 |
|  design_1_i/processing_system7_0/inst/FCLK_CLK1     | design_1_i/i2s_receiver_0/inst/I2S_RX_V1_0_SYS_INST/genblk3[0].I2S_RX_V1_0_SER_INST/rSDataIn                                                                            |                                                                                                                                                                                                   |                5 |             32 |         6.40 |
|  design_1_i/processing_system7_0/inst/FCLK_CLK0     | design_1_i/i2s_receiver_0/inst/I2S_RX_V1_0_SYS_INST/I2S_RX_V1_0_AES_ENCODER_INST/rAudValid_Out04_out                                                                    |                                                                                                                                                                                                   |                8 |             32 |         4.00 |
|  design_1_i/processing_system7_0/inst/FCLK_CLK1     | design_1_i/i2s_transmitter_0/inst/I2S_TX_V1_0_SYS_INST/genblk4[0].I2S_TX_V1_0_SER_INST/rSDataOut_0                                                                      |                                                                                                                                                                                                   |                9 |             32 |         3.56 |
|  design_1_i/processing_system7_0/inst/FCLK_CLK0     | design_1_i/i2s_receiver_0/inst/I2S_RX_V1_0_SYS_INST/I2S_RX_V1_0_AXI_INST/rAesChannelStatus[127]_i_1_n_0                                                                 | design_1_i/i2s_receiver_0/inst/I2S_RX_V1_0_SYS_INST/I2S_RX_V1_0_AXI_INST/SR[0]                                                                                                                    |                9 |             32 |         3.56 |
|  design_1_i/vhdl_clockdivider_by_0/U0/clk_out1_BUFG |                                                                                                                                                                         | design_1_i/vhdl_clockdivider_by_1/U0/clear                                                                                                                                                        |                8 |             32 |         4.00 |
|  design_1_i/processing_system7_0/inst/FCLK_CLK0     | design_1_i/i2s_receiver_0/inst/I2S_RX_V1_0_SYS_INST/I2S_RX_V1_0_AXI_INST/oAxi_RData[31]_i_1_n_0                                                                         | design_1_i/i2s_receiver_0/inst/I2S_RX_V1_0_SYS_INST/I2S_RX_V1_0_AXI_INST/SR[0]                                                                                                                    |               19 |             33 |         1.74 |
|  design_1_i/processing_system7_0/inst/FCLK_CLK0     | design_1_i/i2s_transmitter_0/inst/I2S_TX_V1_0_SYS_INST/I2S_TX_V1_0_AXI_INST/oAxi_RData[31]_i_1_n_0                                                                      | design_1_i/i2s_transmitter_0/inst/I2S_TX_V1_0_SYS_INST/I2S_TX_V1_0_AXI_INST/SR[0]                                                                                                                 |               19 |             33 |         1.74 |
|  design_1_i/processing_system7_0/inst/FCLK_CLK0     | design_1_i/ps7_0_axi_periph/s00_couplers/auto_pc/inst/gen_axilite.gen_b2s_conv.axilite_b2s/RD.r_channel_0/rd_data_fifo_0/wr_en0                                         |                                                                                                                                                                                                   |                9 |             34 |         3.78 |
|  design_1_i/processing_system7_0/inst/FCLK_CLK0     | design_1_i/ps7_0_axi_periph/xbar/inst/gen_sasd.crossbar_sasd_0/addr_arbiter_inst/E[0]                                                                                   |                                                                                                                                                                                                   |                7 |             35 |         5.00 |
|  design_1_i/processing_system7_0/inst/FCLK_CLK0     |                                                                                                                                                                         | design_1_i/i2s_receiver_0/inst/I2S_RX_V1_0_SYS_INST/I2S_RX_V1_0_AXI_INST/SR[0]                                                                                                                    |               12 |             35 |         2.92 |
|  design_1_i/processing_system7_0/inst/FCLK_CLK0     |                                                                                                                                                                         | design_1_i/i2s_transmitter_0/inst/I2S_TX_V1_0_SYS_INST/I2S_TX_V1_0_AXI_INST/SR[0]                                                                                                                 |               14 |             38 |         2.71 |
|  design_1_i/processing_system7_0/inst/FCLK_CLK0     | design_1_i/ps7_0_axi_periph/s00_couplers/auto_pc/inst/gen_axilite.gen_b2s_conv.axilite_b2s/SI_REG/ar.ar_pipe/s_ready_i_reg_0                                            |                                                                                                                                                                                                   |                7 |             44 |         6.29 |
|  design_1_i/processing_system7_0/inst/FCLK_CLK0     | design_1_i/ps7_0_axi_periph/s00_couplers/auto_pc/inst/gen_axilite.gen_b2s_conv.axilite_b2s/SI_REG/aw.aw_pipe/s_ready_i_reg_0                                            |                                                                                                                                                                                                   |                8 |             44 |         5.50 |
|  design_1_i/processing_system7_0/inst/FCLK_CLK0     | design_1_i/ps7_0_axi_periph/s00_couplers/auto_pc/inst/gen_axilite.gen_b2s_conv.axilite_b2s/RD.ar_channel_0/ar_cmd_fsm_0/m_valid_i_reg[0]                                |                                                                                                                                                                                                   |                9 |             44 |         4.89 |
|  design_1_i/processing_system7_0/inst/FCLK_CLK0     | design_1_i/ps7_0_axi_periph/s00_couplers/auto_pc/inst/gen_axilite.gen_b2s_conv.axilite_b2s/WR.aw_channel_0/aw_cmd_fsm_0/E[0]                                            |                                                                                                                                                                                                   |                9 |             44 |         4.89 |
|  design_1_i/processing_system7_0/inst/FCLK_CLK0     | design_1_i/ps7_0_axi_periph/s00_couplers/auto_pc/inst/gen_axilite.gen_b2s_conv.axilite_b2s/SI_REG/r.r_pipe/s_ready_i_reg_0                                              |                                                                                                                                                                                                   |                8 |             47 |         5.88 |
|  design_1_i/processing_system7_0/inst/FCLK_CLK0     | design_1_i/ps7_0_axi_periph/s00_couplers/auto_pc/inst/gen_axilite.gen_b2s_conv.axilite_b2s/SI_REG/r.r_pipe/p_1_in                                                       |                                                                                                                                                                                                   |                9 |             47 |         5.22 |
|  design_1_i/processing_system7_0/inst/FCLK_CLK1     |                                                                                                                                                                         |                                                                                                                                                                                                   |               33 |            137 |         4.15 |
|  design_1_i/processing_system7_0/inst/FCLK_CLK0     | design_1_i/i2s_transmitter_0/inst/I2S_TX_V1_0_SYS_INST/AXIS_FIFO_INST/s_axis_aud_tid[0]_1[0]                                                                            |                                                                                                                                                                                                   |               33 |            192 |         5.82 |
|  design_1_i/processing_system7_0/inst/FCLK_CLK0     | design_1_i/i2s_transmitter_0/inst/I2S_TX_V1_0_SYS_INST/CDC_AESCHSTSUPD_INST/dest_pulse                                                                                  | design_1_i/i2s_transmitter_0/inst/I2S_TX_V1_0_SYS_INST/I2S_TX_V1_0_AXI_INST/SR[0]                                                                                                                 |               48 |            192 |         4.00 |
|  design_1_i/processing_system7_0/inst/FCLK_CLK0     | design_1_i/i2s_transmitter_0/inst/I2S_TX_V1_0_SYS_INST/I2S_TX_V1_0_AES_DECODE_INST/rAesLastFrame                                                                        | design_1_i/i2s_transmitter_0/inst/I2S_TX_V1_0_SYS_INST/I2S_TX_V1_0_AES_DECODE_INST/rChannelStatusCapt0                                                                                            |               36 |            192 |         5.33 |
|  design_1_i/processing_system7_0/inst/FCLK_CLK0     | design_1_i/i2s_receiver_0/inst/I2S_RX_V1_0_SYS_INST/CDC_AESCAPTCHSTS_INST/dest_pulse                                                                                    | design_1_i/i2s_receiver_0/inst/I2S_RX_V1_0_SYS_INST/I2S_RX_V1_0_AES_ENCODER_INST/iRst0                                                                                                            |               43 |            192 |         4.47 |
|  design_1_i/processing_system7_0/inst/FCLK_CLK0     | design_1_i/i2s_receiver_0/inst/I2S_RX_V1_0_SYS_INST/I2S_RX_V1_0_AES_ENCODER_INST/rChannelStatusCapt_2                                                                   | design_1_i/i2s_receiver_0/inst/I2S_RX_V1_0_SYS_INST/I2S_RX_V1_0_AES_ENCODER_INST/iRst0                                                                                                            |               46 |            192 |         4.17 |
|  design_1_i/processing_system7_0/inst/FCLK_CLK0     |                                                                                                                                                                         |                                                                                                                                                                                                   |              309 |           1439 |         4.66 |
+-----------------------------------------------------+-------------------------------------------------------------------------------------------------------------------------------------------------------------------------+---------------------------------------------------------------------------------------------------------------------------------------------------------------------------------------------------+------------------+----------------+--------------+


