Copyright 1986-2020 Xilinx, Inc. All Rights Reserved.
--------------------------------------------------------------------------------------------------------------------------------------------------------------------------------
| Tool Version : Vivado v.2020.2 (win64) Build 3064766 Wed Nov 18 09:12:45 MST 2020
| Date         : Tue Apr 20 12:33:16 2021
| Host         : DESKTOP-N24P1LS running 64-bit major release  (build 9200)
| Command      : report_methodology -file System_wrapper_methodology_drc_routed.rpt -pb System_wrapper_methodology_drc_routed.pb -rpx System_wrapper_methodology_drc_routed.rpx
| Design       : System_wrapper
| Device       : xc7z007sclg225-1
| Speed File   : -1
| Design State : Fully Routed
--------------------------------------------------------------------------------------------------------------------------------------------------------------------------------

Report Methodology

Table of Contents
-----------------
1. REPORT SUMMARY
2. REPORT DETAILS

1. REPORT SUMMARY
-----------------
            Netlist: netlist
          Floorplan: design_1
      Design limits: <entire design considered>
             Max violations: <unlimited>
             Violations found: 72
+-----------+------------------+---------------------------------------------------+------------+
| Rule      | Severity         | Description                                       | Violations |
+-----------+------------------+---------------------------------------------------+------------+
| TIMING-17 | Critical Warning | Non-clocked sequential cell                       | 70         |
| XDCC-2    | Warning          | Scoped Non-Timing constraint/property overwritten | 2          |
+-----------+------------------+---------------------------------------------------+------------+

2. REPORT DETAILS
-----------------
TIMING-17#1 Critical Warning
Non-clocked sequential cell  
The clock pin System_i/AXIS_I2S_Transmitter/U0/Transmitter/BitCounter_reg[0]/C is not reached by a timing clock
Related violations: <none>

TIMING-17#2 Critical Warning
Non-clocked sequential cell  
The clock pin System_i/AXIS_I2S_Transmitter/U0/Transmitter/BitCounter_reg[10]/C is not reached by a timing clock
Related violations: <none>

TIMING-17#3 Critical Warning
Non-clocked sequential cell  
The clock pin System_i/AXIS_I2S_Transmitter/U0/Transmitter/BitCounter_reg[11]/C is not reached by a timing clock
Related violations: <none>

TIMING-17#4 Critical Warning
Non-clocked sequential cell  
The clock pin System_i/AXIS_I2S_Transmitter/U0/Transmitter/BitCounter_reg[12]/C is not reached by a timing clock
Related violations: <none>

TIMING-17#5 Critical Warning
Non-clocked sequential cell  
The clock pin System_i/AXIS_I2S_Transmitter/U0/Transmitter/BitCounter_reg[13]/C is not reached by a timing clock
Related violations: <none>

TIMING-17#6 Critical Warning
Non-clocked sequential cell  
The clock pin System_i/AXIS_I2S_Transmitter/U0/Transmitter/BitCounter_reg[14]/C is not reached by a timing clock
Related violations: <none>

TIMING-17#7 Critical Warning
Non-clocked sequential cell  
The clock pin System_i/AXIS_I2S_Transmitter/U0/Transmitter/BitCounter_reg[15]/C is not reached by a timing clock
Related violations: <none>

TIMING-17#8 Critical Warning
Non-clocked sequential cell  
The clock pin System_i/AXIS_I2S_Transmitter/U0/Transmitter/BitCounter_reg[16]/C is not reached by a timing clock
Related violations: <none>

TIMING-17#9 Critical Warning
Non-clocked sequential cell  
The clock pin System_i/AXIS_I2S_Transmitter/U0/Transmitter/BitCounter_reg[17]/C is not reached by a timing clock
Related violations: <none>

TIMING-17#10 Critical Warning
Non-clocked sequential cell  
The clock pin System_i/AXIS_I2S_Transmitter/U0/Transmitter/BitCounter_reg[18]/C is not reached by a timing clock
Related violations: <none>

TIMING-17#11 Critical Warning
Non-clocked sequential cell  
The clock pin System_i/AXIS_I2S_Transmitter/U0/Transmitter/BitCounter_reg[19]/C is not reached by a timing clock
Related violations: <none>

TIMING-17#12 Critical Warning
Non-clocked sequential cell  
The clock pin System_i/AXIS_I2S_Transmitter/U0/Transmitter/BitCounter_reg[1]/C is not reached by a timing clock
Related violations: <none>

TIMING-17#13 Critical Warning
Non-clocked sequential cell  
The clock pin System_i/AXIS_I2S_Transmitter/U0/Transmitter/BitCounter_reg[20]/C is not reached by a timing clock
Related violations: <none>

TIMING-17#14 Critical Warning
Non-clocked sequential cell  
The clock pin System_i/AXIS_I2S_Transmitter/U0/Transmitter/BitCounter_reg[21]/C is not reached by a timing clock
Related violations: <none>

TIMING-17#15 Critical Warning
Non-clocked sequential cell  
The clock pin System_i/AXIS_I2S_Transmitter/U0/Transmitter/BitCounter_reg[22]/C is not reached by a timing clock
Related violations: <none>

TIMING-17#16 Critical Warning
Non-clocked sequential cell  
The clock pin System_i/AXIS_I2S_Transmitter/U0/Transmitter/BitCounter_reg[23]/C is not reached by a timing clock
Related violations: <none>

TIMING-17#17 Critical Warning
Non-clocked sequential cell  
The clock pin System_i/AXIS_I2S_Transmitter/U0/Transmitter/BitCounter_reg[24]/C is not reached by a timing clock
Related violations: <none>

TIMING-17#18 Critical Warning
Non-clocked sequential cell  
The clock pin System_i/AXIS_I2S_Transmitter/U0/Transmitter/BitCounter_reg[25]/C is not reached by a timing clock
Related violations: <none>

TIMING-17#19 Critical Warning
Non-clocked sequential cell  
The clock pin System_i/AXIS_I2S_Transmitter/U0/Transmitter/BitCounter_reg[26]/C is not reached by a timing clock
Related violations: <none>

TIMING-17#20 Critical Warning
Non-clocked sequential cell  
The clock pin System_i/AXIS_I2S_Transmitter/U0/Transmitter/BitCounter_reg[27]/C is not reached by a timing clock
Related violations: <none>

TIMING-17#21 Critical Warning
Non-clocked sequential cell  
The clock pin System_i/AXIS_I2S_Transmitter/U0/Transmitter/BitCounter_reg[28]/C is not reached by a timing clock
Related violations: <none>

TIMING-17#22 Critical Warning
Non-clocked sequential cell  
The clock pin System_i/AXIS_I2S_Transmitter/U0/Transmitter/BitCounter_reg[29]/C is not reached by a timing clock
Related violations: <none>

TIMING-17#23 Critical Warning
Non-clocked sequential cell  
The clock pin System_i/AXIS_I2S_Transmitter/U0/Transmitter/BitCounter_reg[2]/C is not reached by a timing clock
Related violations: <none>

TIMING-17#24 Critical Warning
Non-clocked sequential cell  
The clock pin System_i/AXIS_I2S_Transmitter/U0/Transmitter/BitCounter_reg[30]/C is not reached by a timing clock
Related violations: <none>

TIMING-17#25 Critical Warning
Non-clocked sequential cell  
The clock pin System_i/AXIS_I2S_Transmitter/U0/Transmitter/BitCounter_reg[31]/C is not reached by a timing clock
Related violations: <none>

TIMING-17#26 Critical Warning
Non-clocked sequential cell  
The clock pin System_i/AXIS_I2S_Transmitter/U0/Transmitter/BitCounter_reg[3]/C is not reached by a timing clock
Related violations: <none>

TIMING-17#27 Critical Warning
Non-clocked sequential cell  
The clock pin System_i/AXIS_I2S_Transmitter/U0/Transmitter/BitCounter_reg[4]/C is not reached by a timing clock
Related violations: <none>

TIMING-17#28 Critical Warning
Non-clocked sequential cell  
The clock pin System_i/AXIS_I2S_Transmitter/U0/Transmitter/BitCounter_reg[5]/C is not reached by a timing clock
Related violations: <none>

TIMING-17#29 Critical Warning
Non-clocked sequential cell  
The clock pin System_i/AXIS_I2S_Transmitter/U0/Transmitter/BitCounter_reg[6]/C is not reached by a timing clock
Related violations: <none>

TIMING-17#30 Critical Warning
Non-clocked sequential cell  
The clock pin System_i/AXIS_I2S_Transmitter/U0/Transmitter/BitCounter_reg[7]/C is not reached by a timing clock
Related violations: <none>

TIMING-17#31 Critical Warning
Non-clocked sequential cell  
The clock pin System_i/AXIS_I2S_Transmitter/U0/Transmitter/BitCounter_reg[8]/C is not reached by a timing clock
Related violations: <none>

TIMING-17#32 Critical Warning
Non-clocked sequential cell  
The clock pin System_i/AXIS_I2S_Transmitter/U0/Transmitter/BitCounter_reg[9]/C is not reached by a timing clock
Related violations: <none>

TIMING-17#33 Critical Warning
Non-clocked sequential cell  
The clock pin System_i/AXIS_I2S_Transmitter/U0/Transmitter/Enable_reg/C is not reached by a timing clock
Related violations: <none>

TIMING-17#34 Critical Warning
Non-clocked sequential cell  
The clock pin System_i/AXIS_I2S_Transmitter/U0/Transmitter/FSM_sequential_CurrentState_reg[0]/C is not reached by a timing clock
Related violations: <none>

TIMING-17#35 Critical Warning
Non-clocked sequential cell  
The clock pin System_i/AXIS_I2S_Transmitter/U0/Transmitter/FSM_sequential_CurrentState_reg[1]/C is not reached by a timing clock
Related violations: <none>

TIMING-17#36 Critical Warning
Non-clocked sequential cell  
The clock pin System_i/AXIS_I2S_Transmitter/U0/Transmitter/LRCLK_Int_reg/C is not reached by a timing clock
Related violations: <none>

TIMING-17#37 Critical Warning
Non-clocked sequential cell  
The clock pin System_i/AXIS_I2S_Transmitter/U0/Transmitter/Ready_Int_reg/C is not reached by a timing clock
Related violations: <none>

TIMING-17#38 Critical Warning
Non-clocked sequential cell  
The clock pin System_i/AXIS_I2S_Transmitter/U0/Transmitter/SD_Int_reg/C is not reached by a timing clock
Related violations: <none>

TIMING-17#39 Critical Warning
Non-clocked sequential cell  
The clock pin System_i/AXIS_I2S_Transmitter/U0/Transmitter/Tx_Int_reg[0]/C is not reached by a timing clock
Related violations: <none>

TIMING-17#40 Critical Warning
Non-clocked sequential cell  
The clock pin System_i/AXIS_I2S_Transmitter/U0/Transmitter/Tx_Int_reg[10]/C is not reached by a timing clock
Related violations: <none>

TIMING-17#41 Critical Warning
Non-clocked sequential cell  
The clock pin System_i/AXIS_I2S_Transmitter/U0/Transmitter/Tx_Int_reg[11]/C is not reached by a timing clock
Related violations: <none>

TIMING-17#42 Critical Warning
Non-clocked sequential cell  
The clock pin System_i/AXIS_I2S_Transmitter/U0/Transmitter/Tx_Int_reg[12]/C is not reached by a timing clock
Related violations: <none>

TIMING-17#43 Critical Warning
Non-clocked sequential cell  
The clock pin System_i/AXIS_I2S_Transmitter/U0/Transmitter/Tx_Int_reg[13]/C is not reached by a timing clock
Related violations: <none>

TIMING-17#44 Critical Warning
Non-clocked sequential cell  
The clock pin System_i/AXIS_I2S_Transmitter/U0/Transmitter/Tx_Int_reg[14]/C is not reached by a timing clock
Related violations: <none>

TIMING-17#45 Critical Warning
Non-clocked sequential cell  
The clock pin System_i/AXIS_I2S_Transmitter/U0/Transmitter/Tx_Int_reg[15]/C is not reached by a timing clock
Related violations: <none>

TIMING-17#46 Critical Warning
Non-clocked sequential cell  
The clock pin System_i/AXIS_I2S_Transmitter/U0/Transmitter/Tx_Int_reg[16]/C is not reached by a timing clock
Related violations: <none>

TIMING-17#47 Critical Warning
Non-clocked sequential cell  
The clock pin System_i/AXIS_I2S_Transmitter/U0/Transmitter/Tx_Int_reg[17]/C is not reached by a timing clock
Related violations: <none>

TIMING-17#48 Critical Warning
Non-clocked sequential cell  
The clock pin System_i/AXIS_I2S_Transmitter/U0/Transmitter/Tx_Int_reg[18]/C is not reached by a timing clock
Related violations: <none>

TIMING-17#49 Critical Warning
Non-clocked sequential cell  
The clock pin System_i/AXIS_I2S_Transmitter/U0/Transmitter/Tx_Int_reg[19]/C is not reached by a timing clock
Related violations: <none>

TIMING-17#50 Critical Warning
Non-clocked sequential cell  
The clock pin System_i/AXIS_I2S_Transmitter/U0/Transmitter/Tx_Int_reg[1]/C is not reached by a timing clock
Related violations: <none>

TIMING-17#51 Critical Warning
Non-clocked sequential cell  
The clock pin System_i/AXIS_I2S_Transmitter/U0/Transmitter/Tx_Int_reg[20]/C is not reached by a timing clock
Related violations: <none>

TIMING-17#52 Critical Warning
Non-clocked sequential cell  
The clock pin System_i/AXIS_I2S_Transmitter/U0/Transmitter/Tx_Int_reg[21]/C is not reached by a timing clock
Related violations: <none>

TIMING-17#53 Critical Warning
Non-clocked sequential cell  
The clock pin System_i/AXIS_I2S_Transmitter/U0/Transmitter/Tx_Int_reg[22]/C is not reached by a timing clock
Related violations: <none>

TIMING-17#54 Critical Warning
Non-clocked sequential cell  
The clock pin System_i/AXIS_I2S_Transmitter/U0/Transmitter/Tx_Int_reg[23]/C is not reached by a timing clock
Related violations: <none>

TIMING-17#55 Critical Warning
Non-clocked sequential cell  
The clock pin System_i/AXIS_I2S_Transmitter/U0/Transmitter/Tx_Int_reg[24]/C is not reached by a timing clock
Related violations: <none>

TIMING-17#56 Critical Warning
Non-clocked sequential cell  
The clock pin System_i/AXIS_I2S_Transmitter/U0/Transmitter/Tx_Int_reg[25]/C is not reached by a timing clock
Related violations: <none>

TIMING-17#57 Critical Warning
Non-clocked sequential cell  
The clock pin System_i/AXIS_I2S_Transmitter/U0/Transmitter/Tx_Int_reg[26]/C is not reached by a timing clock
Related violations: <none>

TIMING-17#58 Critical Warning
Non-clocked sequential cell  
The clock pin System_i/AXIS_I2S_Transmitter/U0/Transmitter/Tx_Int_reg[27]/C is not reached by a timing clock
Related violations: <none>

TIMING-17#59 Critical Warning
Non-clocked sequential cell  
The clock pin System_i/AXIS_I2S_Transmitter/U0/Transmitter/Tx_Int_reg[28]/C is not reached by a timing clock
Related violations: <none>

TIMING-17#60 Critical Warning
Non-clocked sequential cell  
The clock pin System_i/AXIS_I2S_Transmitter/U0/Transmitter/Tx_Int_reg[29]/C is not reached by a timing clock
Related violations: <none>

TIMING-17#61 Critical Warning
Non-clocked sequential cell  
The clock pin System_i/AXIS_I2S_Transmitter/U0/Transmitter/Tx_Int_reg[2]/C is not reached by a timing clock
Related violations: <none>

TIMING-17#62 Critical Warning
Non-clocked sequential cell  
The clock pin System_i/AXIS_I2S_Transmitter/U0/Transmitter/Tx_Int_reg[30]/C is not reached by a timing clock
Related violations: <none>

TIMING-17#63 Critical Warning
Non-clocked sequential cell  
The clock pin System_i/AXIS_I2S_Transmitter/U0/Transmitter/Tx_Int_reg[31]/C is not reached by a timing clock
Related violations: <none>

TIMING-17#64 Critical Warning
Non-clocked sequential cell  
The clock pin System_i/AXIS_I2S_Transmitter/U0/Transmitter/Tx_Int_reg[3]/C is not reached by a timing clock
Related violations: <none>

TIMING-17#65 Critical Warning
Non-clocked sequential cell  
The clock pin System_i/AXIS_I2S_Transmitter/U0/Transmitter/Tx_Int_reg[4]/C is not reached by a timing clock
Related violations: <none>

TIMING-17#66 Critical Warning
Non-clocked sequential cell  
The clock pin System_i/AXIS_I2S_Transmitter/U0/Transmitter/Tx_Int_reg[5]/C is not reached by a timing clock
Related violations: <none>

TIMING-17#67 Critical Warning
Non-clocked sequential cell  
The clock pin System_i/AXIS_I2S_Transmitter/U0/Transmitter/Tx_Int_reg[6]/C is not reached by a timing clock
Related violations: <none>

TIMING-17#68 Critical Warning
Non-clocked sequential cell  
The clock pin System_i/AXIS_I2S_Transmitter/U0/Transmitter/Tx_Int_reg[7]/C is not reached by a timing clock
Related violations: <none>

TIMING-17#69 Critical Warning
Non-clocked sequential cell  
The clock pin System_i/AXIS_I2S_Transmitter/U0/Transmitter/Tx_Int_reg[8]/C is not reached by a timing clock
Related violations: <none>

TIMING-17#70 Critical Warning
Non-clocked sequential cell  
The clock pin System_i/AXIS_I2S_Transmitter/U0/Transmitter/Tx_Int_reg[9]/C is not reached by a timing clock
Related violations: <none>

XDCC-2#1 Warning
Scoped Non-Timing constraint/property overwritten  
A new XDC property IOSTANDARD on DDR_dqs_n[0] overrides a previous scoped property. It is not recommended to override a scoped (typically an IP) property and could result in unexpected behaviours.
New Source: D:/Downloads/ZYBO-master/projects/DigitalAudio/I2S_Audioplayer/hardware/I2S_AudioPlayer.srcs/constrs_1/new/systemXDC.xdc (Line: 11)
Previous Source: d:/Downloads/ZYBO-master/projects/DigitalAudio/I2S_Audioplayer/hardware/I2S_AudioPlayer.srcs/sources_1/bd/System/ip/System_processing_system7_0_1/System_processing_system7_0_1.xdc (Line: 285)
Related violations: <none>

XDCC-2#2 Warning
Scoped Non-Timing constraint/property overwritten  
A new XDC property IOSTANDARD on DDR_dqs_n[1] overrides a previous scoped property. It is not recommended to override a scoped (typically an IP) property and could result in unexpected behaviours.
New Source: D:/Downloads/ZYBO-master/projects/DigitalAudio/I2S_Audioplayer/hardware/I2S_AudioPlayer.srcs/constrs_1/new/systemXDC.xdc (Line: 10)
Previous Source: d:/Downloads/ZYBO-master/projects/DigitalAudio/I2S_Audioplayer/hardware/I2S_AudioPlayer.srcs/sources_1/bd/System/ip/System_processing_system7_0_1/System_processing_system7_0_1.xdc (Line: 281)
Related violations: <none>


